Build started 8/23/2016 9:12:44 PM.
     1>Project "E:\!Online Video Training\C++\Projects\FadingLED\FadingLED\FadingLED.vcxproj" on node 2 (build target(s)).
     1>PrepareForBuild:
         Creating directory "E:\!Online Video Training\C++\Projects\FadingLED\Debug\".
       InitializeBuildStatus:
         Creating "Debug\FadingLED.unsuccessfulbuild" because "AlwaysCreate" was specified.
       ClCompile:
         C:\Program Files (x86)\Microsoft Visual Studio 10.0\VC\bin\CL.exe /c /ZI /nologo /W3 /WX- /Od /Oy- /D _MBCS /Gm /EHsc /RTC1 /MDd /GS /fp:precise /Zc:wchar_t /Zc:forScope /Fo"Debug\\" /Fd"Debug\vc100.pdb" /Gd /TP /analyze- /errorReport:prompt main.cpp
         main.cpp
       Link:
         C:\Program Files (x86)\Microsoft Visual Studio 10.0\VC\bin\link.exe /ERRORREPORT:PROMPT /OUT:"E:\!Online Video Training\C++\Projects\FadingLED\Debug\FadingLED.exe" /NOLOGO kernel32.lib user32.lib gdi32.lib winspool.lib comdlg32.lib advapi32.lib shell32.lib ole32.lib oleaut32.lib uuid.lib odbc32.lib odbccp32.lib /MANIFEST /ManifestFile:"Debug\FadingLED.exe.intermediate.manifest" /MANIFESTUAC:"level='asInvoker' uiAccess='false'" /DEBUG /PDB:"E:\!Online Video Training\C++\Projects\FadingLED\Debug\FadingLED.pdb" /TLBID:1 /DYNAMICBASE /NXCOMPAT /IMPLIB:"E:\!Online Video Training\C++\Projects\FadingLED\Debug\FadingLED.lib" /MACHINE:X86 Debug\main.obj
         FadingLED.vcxproj -> E:\!Online Video Training\C++\Projects\FadingLED\Debug\FadingLED.exe
       Manifest:
         C:\Program Files (x86)\Microsoft SDKs\Windows\v7.0A\bin\mt.exe /nologo /verbose /outputresource:"E:\!Online Video Training\C++\Projects\FadingLED\Debug\FadingLED.exe;#1" /manifest Debug\FadingLED.exe.intermediate.manifest
       FinalizeBuildStatus:
         Deleting file "Debug\FadingLED.unsuccessfulbuild".
         Touching "Debug\FadingLED.lastbuildstate".
     1>Done Building Project "E:\!Online Video Training\C++\Projects\FadingLED\FadingLED\FadingLED.vcxproj" (build target(s)).

Build succeeded.

Time Elapsed 00:00:02.49
