Build started 11/16/2017 2:53:16 PM.
     1>Project "F:\Drive F - Online Training\!Online Video Training\C++\Projects\arraytes4\arraytes4\arraytes4.vcxproj" on node 2 (build target(s)).
     1>InitializeBuildStatus:
         Creating "Debug\arraytes4.unsuccessfulbuild" because "AlwaysCreate" was specified.
       ClCompile:
         C:\Program Files (x86)\Microsoft Visual Studio 10.0\VC\bin\CL.exe /c /ZI /nologo /W3 /WX- /Od /Oy- /D _MBCS /Gm /EHsc /RTC1 /MDd /GS /fp:precise /Zc:wchar_t /Zc:forScope /Fo"Debug\\" /Fd"Debug\vc100.pdb" /Gd /TP /analyze- /errorReport:prompt arraytest4.cpp
         arraytest4.cpp
     1>f:\drive f - online training\!online video training\c++\projects\arraytes4\arraytes4\arraytest4.cpp(27): warning C4996: 'getch': The POSIX name for this item is deprecated. Instead, use the ISO C++ conformant name: _getch. See online help for details.
                 c:\program files (x86)\microsoft visual studio 10.0\vc\include\conio.h(128) : see declaration of 'getch'
     1>f:\drive f - online training\!online video training\c++\projects\arraytes4\arraytes4\arraytest4.cpp(41): warning C4996: 'getch': The POSIX name for this item is deprecated. Instead, use the ISO C++ conformant name: _getch. See online help for details.
                 c:\program files (x86)\microsoft visual studio 10.0\vc\include\conio.h(128) : see declaration of 'getch'
     1>f:\drive f - online training\!online video training\c++\projects\arraytes4\arraytes4\arraytest4.cpp(21): warning C4101: 'b' : unreferenced local variable
     1>f:\drive f - online training\!online video training\c++\projects\arraytes4\arraytes4\arraytest4.cpp(22): warning C4101: 'c' : unreferenced local variable
     1>f:\drive f - online training\!online video training\c++\projects\arraytes4\arraytes4\arraytest4.cpp(83): warning C4996: 'getch': The POSIX name for this item is deprecated. Instead, use the ISO C++ conformant name: _getch. See online help for details.
                 c:\program files (x86)\microsoft visual studio 10.0\vc\include\conio.h(128) : see declaration of 'getch'
     1>f:\drive f - online training\!online video training\c++\projects\arraytes4\arraytes4\arraytest4.cpp(110): warning C4996: 'getch': The POSIX name for this item is deprecated. Instead, use the ISO C++ conformant name: _getch. See online help for details.
                 c:\program files (x86)\microsoft visual studio 10.0\vc\include\conio.h(128) : see declaration of 'getch'
     1>f:\drive f - online training\!online video training\c++\projects\arraytes4\arraytes4\arraytest4.cpp(123): warning C4996: 'getch': The POSIX name for this item is deprecated. Instead, use the ISO C++ conformant name: _getch. See online help for details.
                 c:\program files (x86)\microsoft visual studio 10.0\vc\include\conio.h(128) : see declaration of 'getch'
       Link:
         C:\Program Files (x86)\Microsoft Visual Studio 10.0\VC\bin\link.exe /ERRORREPORT:PROMPT /OUT:"F:\Drive F - Online Training\!Online Video Training\C++\Projects\arraytes4\Debug\arraytes4.exe" /NOLOGO kernel32.lib user32.lib gdi32.lib winspool.lib comdlg32.lib advapi32.lib shell32.lib ole32.lib oleaut32.lib uuid.lib odbc32.lib odbccp32.lib /MANIFEST /ManifestFile:"Debug\arraytes4.exe.intermediate.manifest" /MANIFESTUAC:"level='asInvoker' uiAccess='false'" /DEBUG /PDB:"F:\Drive F - Online Training\!Online Video Training\C++\Projects\arraytes4\Debug\arraytes4.pdb" /TLBID:1 /DYNAMICBASE /NXCOMPAT /IMPLIB:"F:\Drive F - Online Training\!Online Video Training\C++\Projects\arraytes4\Debug\arraytes4.lib" /MACHINE:X86 Debug\arraytest4.obj
         LINK : F:\Drive F - Online Training\!Online Video Training\C++\Projects\arraytes4\Debug\arraytes4.exe not found or not built by the last incremental link; performing full link
         arraytes4.vcxproj -> F:\Drive F - Online Training\!Online Video Training\C++\Projects\arraytes4\Debug\arraytes4.exe
       Manifest:
         C:\Program Files (x86)\Microsoft SDKs\Windows\v7.0A\bin\mt.exe /nologo /verbose /outputresource:"F:\Drive F - Online Training\!Online Video Training\C++\Projects\arraytes4\Debug\arraytes4.exe;#1" /manifest Debug\arraytes4.exe.intermediate.manifest
       FinalizeBuildStatus:
         Deleting file "Debug\arraytes4.unsuccessfulbuild".
         Touching "Debug\arraytes4.lastbuildstate".
     1>Done Building Project "F:\Drive F - Online Training\!Online Video Training\C++\Projects\arraytes4\arraytes4\arraytes4.vcxproj" (build target(s)).

Build succeeded.

Time Elapsed 00:00:00.48
