Build started 10/19/2017 11:50:01 AM.
     1>Project "F:\Drive F - Online Training\!Online Video Training\C++\Projects\hellokyawminoo\hellokyawminoo\hellokyawminoo.vcxproj" on node 2 (build target(s)).
     1>InitializeBuildStatus:
         Creating "Debug\hellokyawminoo.unsuccessfulbuild" because "AlwaysCreate" was specified.
       ClCompile:
         C:\Program Files (x86)\Microsoft Visual Studio 10.0\VC\bin\CL.exe /c /ZI /nologo /W3 /WX- /Od /Oy- /D _MBCS /Gm /EHsc /RTC1 /MDd /GS /fp:precise /Zc:wchar_t /Zc:forScope /Fo"Debug\\" /Fd"Debug\vc100.pdb" /Gd /TP /analyze- /errorReport:prompt hellokyawminoo.cpp
         hellokyawminoo.cpp
     1>f:\drive f - online training\!online video training\c++\projects\hellokyawminoo\hellokyawminoo\hellokyawminoo.cpp(8): warning C4244: '=' : conversion from 'double' to 'float', possible loss of data
     1>f:\drive f - online training\!online video training\c++\projects\hellokyawminoo\hellokyawminoo\hellokyawminoo.cpp(10): warning C4996: 'getch': The POSIX name for this item is deprecated. Instead, use the ISO C++ conformant name: _getch. See online help for details.
                 c:\program files (x86)\microsoft visual studio 10.0\vc\include\conio.h(128) : see declaration of 'getch'
       Link:
         C:\Program Files (x86)\Microsoft Visual Studio 10.0\VC\bin\link.exe /ERRORREPORT:PROMPT /OUT:"F:\Drive F - Online Training\!Online Video Training\C++\Projects\hellokyawminoo\Debug\hellokyawminoo.exe" /NOLOGO kernel32.lib user32.lib gdi32.lib winspool.lib comdlg32.lib advapi32.lib shell32.lib ole32.lib oleaut32.lib uuid.lib odbc32.lib odbccp32.lib /MANIFEST /ManifestFile:"Debug\hellokyawminoo.exe.intermediate.manifest" /MANIFESTUAC:"level='asInvoker' uiAccess='false'" /DEBUG /PDB:"F:\Drive F - Online Training\!Online Video Training\C++\Projects\hellokyawminoo\Debug\hellokyawminoo.pdb" /TLBID:1 /DYNAMICBASE /NXCOMPAT /IMPLIB:"F:\Drive F - Online Training\!Online Video Training\C++\Projects\hellokyawminoo\Debug\hellokyawminoo.lib" /MACHINE:X86 Debug\hellokyawminoo.obj
         LINK : F:\Drive F - Online Training\!Online Video Training\C++\Projects\hellokyawminoo\Debug\hellokyawminoo.exe not found or not built by the last incremental link; performing full link
         hellokyawminoo.vcxproj -> F:\Drive F - Online Training\!Online Video Training\C++\Projects\hellokyawminoo\Debug\hellokyawminoo.exe
       Manifest:
         C:\Program Files (x86)\Microsoft SDKs\Windows\v7.0A\bin\mt.exe /nologo /verbose /outputresource:"F:\Drive F - Online Training\!Online Video Training\C++\Projects\hellokyawminoo\Debug\hellokyawminoo.exe;#1" /manifest Debug\hellokyawminoo.exe.intermediate.manifest
       FinalizeBuildStatus:
         Deleting file "Debug\hellokyawminoo.unsuccessfulbuild".
         Touching "Debug\hellokyawminoo.lastbuildstate".
     1>Done Building Project "F:\Drive F - Online Training\!Online Video Training\C++\Projects\hellokyawminoo\hellokyawminoo\hellokyawminoo.vcxproj" (build target(s)).

Build succeeded.

Time Elapsed 00:00:00.36
