Build started 11/25/2017 2:35:30 PM.
     1>Project "F:\Drive F - Online Training\!Online Video Training\C++\Projects\Area of circle\Area of circle\Area of circle.vcxproj" on node 2 (build target(s)).
     1>InitializeBuildStatus:
         Creating "Debug\Area of circle.unsuccessfulbuild" because "AlwaysCreate" was specified.
       ClCompile:
         C:\Program Files (x86)\Microsoft Visual Studio 10.0\VC\bin\CL.exe /c /ZI /nologo /W3 /WX- /Od /Oy- /D _MBCS /Gm /EHsc /RTC1 /MDd /GS /fp:precise /Zc:wchar_t /Zc:forScope /Fo"Debug\\" /Fd"Debug\vc100.pdb" /Gd /TP /analyze- /errorReport:prompt area.cpp libArea.cpp
         libArea.cpp
     1>f:\drive f - online training\!online video training\c++\projects\area of circle\area of circle\libarea.cpp(9): warning C4996: 'scanf': This function or variable may be unsafe. Consider using scanf_s instead. To disable deprecation, use _CRT_SECURE_NO_WARNINGS. See online help for details.
                 c:\program files (x86)\microsoft visual studio 10.0\vc\include\stdio.h(304) : see declaration of 'scanf'
     1>f:\drive f - online training\!online video training\c++\projects\area of circle\area of circle\libarea.cpp(17): warning C4244: '=' : conversion from 'double' to 'float', possible loss of data
         area.cpp
     1>f:\drive f - online training\!online video training\c++\projects\area of circle\area of circle\area.cpp(7): warning C4996: 'getch': The POSIX name for this item is deprecated. Instead, use the ISO C++ conformant name: _getch. See online help for details.
                 c:\program files (x86)\microsoft visual studio 10.0\vc\include\conio.h(128) : see declaration of 'getch'
         Generating Code...
       Link:
         C:\Program Files (x86)\Microsoft Visual Studio 10.0\VC\bin\link.exe /ERRORREPORT:PROMPT /OUT:"F:\Drive F - Online Training\!Online Video Training\C++\Projects\Area of circle\Debug\Area of circle.exe" /NOLOGO kernel32.lib user32.lib gdi32.lib winspool.lib comdlg32.lib advapi32.lib shell32.lib ole32.lib oleaut32.lib uuid.lib odbc32.lib odbccp32.lib /MANIFEST /ManifestFile:"Debug\Area of circle.exe.intermediate.manifest" /MANIFESTUAC:"level='asInvoker' uiAccess='false'" /DEBUG /PDB:"F:\Drive F - Online Training\!Online Video Training\C++\Projects\Area of circle\Debug\Area of circle.pdb" /TLBID:1 /DYNAMICBASE /NXCOMPAT /IMPLIB:"F:\Drive F - Online Training\!Online Video Training\C++\Projects\Area of circle\Debug\Area of circle.lib" /MACHINE:X86 Debug\area.obj
         Debug\libArea.obj
         LINK : F:\Drive F - Online Training\!Online Video Training\C++\Projects\Area of circle\Debug\Area of circle.exe not found or not built by the last incremental link; performing full link
         Area of circle.vcxproj -> F:\Drive F - Online Training\!Online Video Training\C++\Projects\Area of circle\Debug\Area of circle.exe
       Manifest:
         C:\Program Files (x86)\Microsoft SDKs\Windows\v7.0A\bin\mt.exe /nologo /verbose /outputresource:"F:\Drive F - Online Training\!Online Video Training\C++\Projects\Area of circle\Debug\Area of circle.exe;#1" /manifest "Debug\Area of circle.exe.intermediate.manifest"
       FinalizeBuildStatus:
         Deleting file "Debug\Area of circle.unsuccessfulbuild".
         Touching "Debug\Area of circle.lastbuildstate".
     1>Done Building Project "F:\Drive F - Online Training\!Online Video Training\C++\Projects\Area of circle\Area of circle\Area of circle.vcxproj" (build target(s)).

Build succeeded.

Time Elapsed 00:00:00.27
