Build started 10/12/2017 10:54:45 AM.
     1>Project "F:\Drive F - Online Training\!Online Video Training\C++\Projects\SnakeGame\SnakeGame\SnakeGame.vcxproj" on node 2 (build target(s)).
     1>InitializeBuildStatus:
         Creating "Debug\SnakeGame.unsuccessfulbuild" because "AlwaysCreate" was specified.
       ClCompile:
         C:\Program Files (x86)\Microsoft Visual Studio 10.0\VC\bin\CL.exe /c /ZI /nologo /W3 /WX- /Od /Oy- /D _MBCS /Gm /EHsc /RTC1 /MDd /GS /fp:precise /Zc:wchar_t /Zc:forScope /Fo"Debug\\" /Fd"Debug\vc100.pdb" /Gd /TP /analyze- /errorReport:prompt SnakeGame.cpp
         SnakeGame.cpp
     1>f:\drive f - online training\!online video training\c++\projects\snakegame\snakegame\snakegame.cpp(58): warning C4996: 'getch': The POSIX name for this item is deprecated. Instead, use the ISO C++ conformant name: _getch. See online help for details.
                 c:\program files (x86)\microsoft visual studio 10.0\vc\include\conio.h(128) : see declaration of 'getch'
     1>f:\drive f - online training\!online video training\c++\projects\snakegame\snakegame\snakegame.cpp(93): warning C4996: 'getch': The POSIX name for this item is deprecated. Instead, use the ISO C++ conformant name: _getch. See online help for details.
                 c:\program files (x86)\microsoft visual studio 10.0\vc\include\conio.h(128) : see declaration of 'getch'
       Link:
         C:\Program Files (x86)\Microsoft Visual Studio 10.0\VC\bin\link.exe /ERRORREPORT:PROMPT /OUT:"F:\Drive F - Online Training\!Online Video Training\C++\Projects\SnakeGame\Debug\SnakeGame.exe" /NOLOGO kernel32.lib user32.lib gdi32.lib winspool.lib comdlg32.lib advapi32.lib shell32.lib ole32.lib oleaut32.lib uuid.lib odbc32.lib odbccp32.lib /MANIFEST /ManifestFile:"Debug\SnakeGame.exe.intermediate.manifest" /MANIFESTUAC:"level='asInvoker' uiAccess='false'" /DEBUG /PDB:"F:\Drive F - Online Training\!Online Video Training\C++\Projects\SnakeGame\Debug\SnakeGame.pdb" /TLBID:1 /DYNAMICBASE /NXCOMPAT /IMPLIB:"F:\Drive F - Online Training\!Online Video Training\C++\Projects\SnakeGame\Debug\SnakeGame.lib" /MACHINE:X86 Debug\SnakeGame.obj
         LINK : F:\Drive F - Online Training\!Online Video Training\C++\Projects\SnakeGame\Debug\SnakeGame.exe not found or not built by the last incremental link; performing full link
         SnakeGame.vcxproj -> F:\Drive F - Online Training\!Online Video Training\C++\Projects\SnakeGame\Debug\SnakeGame.exe
       Manifest:
         C:\Program Files (x86)\Microsoft SDKs\Windows\v7.0A\bin\mt.exe /nologo /verbose /outputresource:"F:\Drive F - Online Training\!Online Video Training\C++\Projects\SnakeGame\Debug\SnakeGame.exe;#1" /manifest Debug\SnakeGame.exe.intermediate.manifest
       FinalizeBuildStatus:
         Deleting file "Debug\SnakeGame.unsuccessfulbuild".
         Touching "Debug\SnakeGame.lastbuildstate".
     1>Done Building Project "F:\Drive F - Online Training\!Online Video Training\C++\Projects\SnakeGame\SnakeGame\SnakeGame.vcxproj" (build target(s)).

Build succeeded.

Time Elapsed 00:00:00.61
