Build started 10/22/2017 9:34:02 AM.
     1>Project "F:\Drive F - Online Training\!Online Video Training\C++\Projects\2017102201sspAreaOfCircle\2017102201sspAreaOfCircle\2017102201sspAreaOfCircle.vcxproj" on node 2 (build target(s)).
     1>PrepareForBuild:
         Creating directory "F:\Drive F - Online Training\!Online Video Training\C++\Projects\2017102201sspAreaOfCircle\Debug\".
       InitializeBuildStatus:
         Creating "Debug\2017102201sspAreaOfCircle.unsuccessfulbuild" because "AlwaysCreate" was specified.
       ClCompile:
         C:\Program Files (x86)\Microsoft Visual Studio 10.0\VC\bin\CL.exe /c /ZI /nologo /W3 /WX- /Od /Oy- /D _MBCS /Gm /EHsc /RTC1 /MDd /GS /fp:precise /Zc:wchar_t /Zc:forScope /Fo"Debug\\" /Fd"Debug\vc100.pdb" /Gd /TP /analyze- /errorReport:prompt area.cpp
         area.cpp
     1>f:\drive f - online training\!online video training\c++\projects\2017102201sspareaofcircle\2017102201sspareaofcircle\area.cpp(9): warning C4996: 'scanf': This function or variable may be unsafe. Consider using scanf_s instead. To disable deprecation, use _CRT_SECURE_NO_WARNINGS. See online help for details.
                 c:\program files (x86)\microsoft visual studio 10.0\vc\include\stdio.h(304) : see declaration of 'scanf'
     1>f:\drive f - online training\!online video training\c++\projects\2017102201sspareaofcircle\2017102201sspareaofcircle\area.cpp(11): warning C4244: '=' : conversion from 'double' to 'float', possible loss of data
     1>f:\drive f - online training\!online video training\c++\projects\2017102201sspareaofcircle\2017102201sspareaofcircle\area.cpp(13): warning C4996: 'getch': The POSIX name for this item is deprecated. Instead, use the ISO C++ conformant name: _getch. See online help for details.
                 c:\program files (x86)\microsoft visual studio 10.0\vc\include\conio.h(128) : see declaration of 'getch'
       Link:
         C:\Program Files (x86)\Microsoft Visual Studio 10.0\VC\bin\link.exe /ERRORREPORT:PROMPT /OUT:"F:\Drive F - Online Training\!Online Video Training\C++\Projects\2017102201sspAreaOfCircle\Debug\2017102201sspAreaOfCircle.exe" /NOLOGO kernel32.lib user32.lib gdi32.lib winspool.lib comdlg32.lib advapi32.lib shell32.lib ole32.lib oleaut32.lib uuid.lib odbc32.lib odbccp32.lib /MANIFEST /ManifestFile:"Debug\2017102201sspAreaOfCircle.exe.intermediate.manifest" /MANIFESTUAC:"level='asInvoker' uiAccess='false'" /DEBUG /PDB:"F:\Drive F - Online Training\!Online Video Training\C++\Projects\2017102201sspAreaOfCircle\Debug\2017102201sspAreaOfCircle.pdb" /TLBID:1 /DYNAMICBASE /NXCOMPAT /IMPLIB:"F:\Drive F - Online Training\!Online Video Training\C++\Projects\2017102201sspAreaOfCircle\Debug\2017102201sspAreaOfCircle.lib" /MACHINE:X86 Debug\area.obj
         2017102201sspAreaOfCircle.vcxproj -> F:\Drive F - Online Training\!Online Video Training\C++\Projects\2017102201sspAreaOfCircle\Debug\2017102201sspAreaOfCircle.exe
       Manifest:
         C:\Program Files (x86)\Microsoft SDKs\Windows\v7.0A\bin\mt.exe /nologo /verbose /outputresource:"F:\Drive F - Online Training\!Online Video Training\C++\Projects\2017102201sspAreaOfCircle\Debug\2017102201sspAreaOfCircle.exe;#1" /manifest Debug\2017102201sspAreaOfCircle.exe.intermediate.manifest
       FinalizeBuildStatus:
         Deleting file "Debug\2017102201sspAreaOfCircle.unsuccessfulbuild".
         Touching "Debug\2017102201sspAreaOfCircle.lastbuildstate".
     1>Done Building Project "F:\Drive F - Online Training\!Online Video Training\C++\Projects\2017102201sspAreaOfCircle\2017102201sspAreaOfCircle\2017102201sspAreaOfCircle.vcxproj" (build target(s)).

Build succeeded.

Time Elapsed 00:00:01.50
