Build started 11/5/2017 3:55:48 PM.
     1>Project "F:\Drive F - Online Training\!Online Video Training\C++\Projects\cardgame\cardgame\cardgame.vcxproj" on node 2 (build target(s)).
     1>InitializeBuildStatus:
         Creating "Debug\cardgame.unsuccessfulbuild" because "AlwaysCreate" was specified.
       ClCompile:
         C:\Program Files (x86)\Microsoft Visual Studio 10.0\VC\bin\CL.exe /c /ZI /nologo /W3 /WX- /Od /Oy- /D _MBCS /Gm /EHsc /RTC1 /MDd /GS /fp:precise /Zc:wchar_t /Zc:forScope /Fo"Debug\\" /Fd"Debug\vc100.pdb" /Gd /TP /analyze- /errorReport:prompt cardmain.cpp
         cardmain.cpp
     1>f:\drive f - online training\!online video training\c++\projects\cardgame\cardgame\cardmain.cpp(29): warning C4101: 'k' : unreferenced local variable
       Link:
         C:\Program Files (x86)\Microsoft Visual Studio 10.0\VC\bin\link.exe /ERRORREPORT:PROMPT /OUT:"F:\Drive F - Online Training\!Online Video Training\C++\Projects\cardgame\Debug\cardgame.exe" /NOLOGO kernel32.lib user32.lib gdi32.lib winspool.lib comdlg32.lib advapi32.lib shell32.lib ole32.lib oleaut32.lib uuid.lib odbc32.lib odbccp32.lib /MANIFEST /ManifestFile:"Debug\cardgame.exe.intermediate.manifest" /MANIFESTUAC:"level='asInvoker' uiAccess='false'" /DEBUG /PDB:"F:\Drive F - Online Training\!Online Video Training\C++\Projects\cardgame\Debug\cardgame.pdb" /TLBID:1 /DYNAMICBASE /NXCOMPAT /IMPLIB:"F:\Drive F - Online Training\!Online Video Training\C++\Projects\cardgame\Debug\cardgame.lib" /MACHINE:X86 Debug\cardmain.obj
         LINK : F:\Drive F - Online Training\!Online Video Training\C++\Projects\cardgame\Debug\cardgame.exe not found or not built by the last incremental link; performing full link
         cardgame.vcxproj -> F:\Drive F - Online Training\!Online Video Training\C++\Projects\cardgame\Debug\cardgame.exe
       Manifest:
         C:\Program Files (x86)\Microsoft SDKs\Windows\v7.0A\bin\mt.exe /nologo /verbose /outputresource:"F:\Drive F - Online Training\!Online Video Training\C++\Projects\cardgame\Debug\cardgame.exe;#1" /manifest Debug\cardgame.exe.intermediate.manifest
       FinalizeBuildStatus:
         Deleting file "Debug\cardgame.unsuccessfulbuild".
         Touching "Debug\cardgame.lastbuildstate".
     1>Done Building Project "F:\Drive F - Online Training\!Online Video Training\C++\Projects\cardgame\cardgame\cardgame.vcxproj" (build target(s)).

Build succeeded.

Time Elapsed 00:00:00.48
