Build started 11/5/2017 2:23:20 PM.
     1>Project "F:\Drive F - Online Training\!Online Video Training\C++\Projects\word_count\word_count\word_count.vcxproj" on node 2 (build target(s)).
     1>PrepareForBuild:
         Creating directory "F:\Drive F - Online Training\!Online Video Training\C++\Projects\word_count\Debug\".
       InitializeBuildStatus:
         Creating "Debug\word_count.unsuccessfulbuild" because "AlwaysCreate" was specified.
       ClCompile:
         C:\Program Files (x86)\Microsoft Visual Studio 10.0\VC\bin\CL.exe /c /ZI /nologo /W3 /WX- /Od /Oy- /D _MBCS /Gm /EHsc /RTC1 /MDd /GS /fp:precise /Zc:wchar_t /Zc:forScope /Fo"Debug\\" /Fd"Debug\vc100.pdb" /Gd /TP /analyze- /errorReport:prompt word_count.cpp
         word_count.cpp
     1>f:\drive f - online training\!online video training\c++\projects\word_count\word_count\word_count.cpp(16): warning C4996: 'getche': The POSIX name for this item is deprecated. Instead, use the ISO C++ conformant name: _getche. See online help for details.
                 c:\program files (x86)\microsoft visual studio 10.0\vc\include\conio.h(129) : see declaration of 'getche'
       Link:
         C:\Program Files (x86)\Microsoft Visual Studio 10.0\VC\bin\link.exe /ERRORREPORT:PROMPT /OUT:"F:\Drive F - Online Training\!Online Video Training\C++\Projects\word_count\Debug\word_count.exe" /NOLOGO kernel32.lib user32.lib gdi32.lib winspool.lib comdlg32.lib advapi32.lib shell32.lib ole32.lib oleaut32.lib uuid.lib odbc32.lib odbccp32.lib /MANIFEST /ManifestFile:"Debug\word_count.exe.intermediate.manifest" /MANIFESTUAC:"level='asInvoker' uiAccess='false'" /DEBUG /PDB:"F:\Drive F - Online Training\!Online Video Training\C++\Projects\word_count\Debug\word_count.pdb" /TLBID:1 /DYNAMICBASE /NXCOMPAT /IMPLIB:"F:\Drive F - Online Training\!Online Video Training\C++\Projects\word_count\Debug\word_count.lib" /MACHINE:X86 Debug\word_count.obj
         word_count.vcxproj -> F:\Drive F - Online Training\!Online Video Training\C++\Projects\word_count\Debug\word_count.exe
       Manifest:
         C:\Program Files (x86)\Microsoft SDKs\Windows\v7.0A\bin\mt.exe /nologo /verbose /outputresource:"F:\Drive F - Online Training\!Online Video Training\C++\Projects\word_count\Debug\word_count.exe;#1" /manifest Debug\word_count.exe.intermediate.manifest
       FinalizeBuildStatus:
         Deleting file "Debug\word_count.unsuccessfulbuild".
         Touching "Debug\word_count.lastbuildstate".
     1>Done Building Project "F:\Drive F - Online Training\!Online Video Training\C++\Projects\word_count\word_count\word_count.vcxproj" (build target(s)).

Build succeeded.

Time Elapsed 00:00:02.24
