Build started 11/23/2017 9:55:22 AM.
     1>Project "F:\Drive F - Online Training\!Online Video Training\C++\Projects\hello\hello\hello.vcxproj" on node 2 (build target(s)).
     1>InitializeBuildStatus:
         Creating "Debug\hello.unsuccessfulbuild" because "AlwaysCreate" was specified.
       ClCompile:
         C:\Program Files (x86)\Microsoft Visual Studio 10.0\VC\bin\CL.exe /c /ZI /nologo /W3 /WX- /Od /Oy- /D _MBCS /Gm /EHsc /RTC1 /MDd /GS /fp:precise /Zc:wchar_t /Zc:forScope /Fo"Debug\\" /Fd"Debug\vc100.pdb" /Gd /TP /analyze- /errorReport:prompt hello.cpp
         hello.cpp
     1>f:\drive f - online training\!online video training\c++\projects\hello\hello\hello.cpp(7): warning C4996: 'getch': The POSIX name for this item is deprecated. Instead, use the ISO C++ conformant name: _getch. See online help for details.
                 c:\program files (x86)\microsoft visual studio 10.0\vc\include\conio.h(128) : see declaration of 'getch'
       Link:
         C:\Program Files (x86)\Microsoft Visual Studio 10.0\VC\bin\link.exe /ERRORREPORT:PROMPT /OUT:"F:\Drive F - Online Training\!Online Video Training\C++\Projects\hello\Debug\hello.exe" /NOLOGO kernel32.lib user32.lib gdi32.lib winspool.lib comdlg32.lib advapi32.lib shell32.lib ole32.lib oleaut32.lib uuid.lib odbc32.lib odbccp32.lib /MANIFEST /ManifestFile:"Debug\hello.exe.intermediate.manifest" /MANIFESTUAC:"level='asInvoker' uiAccess='false'" /DEBUG /PDB:"F:\Drive F - Online Training\!Online Video Training\C++\Projects\hello\Debug\hello.pdb" /TLBID:1 /DYNAMICBASE /NXCOMPAT /IMPLIB:"F:\Drive F - Online Training\!Online Video Training\C++\Projects\hello\Debug\hello.lib" /MACHINE:X86 Debug\hello.obj
         LINK : F:\Drive F - Online Training\!Online Video Training\C++\Projects\hello\Debug\hello.exe not found or not built by the last incremental link; performing full link
         hello.vcxproj -> F:\Drive F - Online Training\!Online Video Training\C++\Projects\hello\Debug\hello.exe
       Manifest:
         C:\Program Files (x86)\Microsoft SDKs\Windows\v7.0A\bin\mt.exe /nologo /verbose /outputresource:"F:\Drive F - Online Training\!Online Video Training\C++\Projects\hello\Debug\hello.exe;#1" /manifest Debug\hello.exe.intermediate.manifest
       FinalizeBuildStatus:
         Deleting file "Debug\hello.unsuccessfulbuild".
         Touching "Debug\hello.lastbuildstate".
     1>Done Building Project "F:\Drive F - Online Training\!Online Video Training\C++\Projects\hello\hello\hello.vcxproj" (build target(s)).

Build succeeded.

Time Elapsed 00:00:00.21
